<?xml version="1.0" encoding="UTF-8"?>
<testsuite xmlns:xsi="http://www.w3.org/2001/XMLSchema-instance" xsi:noNamespaceSchemaLocation="https://maven.apache.org/surefire/maven-surefire-plugin/xsd/surefire-test-report.xsd" name="com.blogsite.service.KafKaConsumerServiceTest" time="1.174" tests="3" errors="3" skipped="0" failures="0">
  <properties>
[...]
</properties>
  <testcase name="testConsumeUserLogin" classname="com.blogsite.service.KafKaConsumerServiceTest" time="1.153">
    <error message="Can not set static final org.slf4j.Logger field com.blogsite.service.KafKaConsumerService.log to org.slf4j.Logger$MockitoMock$rKY5f242" type="java.lang.IllegalAccessException">java.lang.IllegalAccessException: Can not set static final org.slf4j.Logger field com.blogsite.service.KafKaConsumerService.log to org.slf4j.Logger$MockitoMock$rKY5f242
	at com.blogsite.service.KafKaConsumerServiceTest.setLoggerUsingReflection(KafKaConsumerServiceTest.java:35)
	at com.blogsite.service.KafKaConsumerServiceTest.setUp(KafKaConsumerServiceTest.java:29)
</error>
  </testcase>
  <testcase name="testConsumeUserRegisterFail" classname="com.blogsite.service.KafKaConsumerServiceTest" time="0">
    <error message="Can not set static final org.slf4j.Logger field com.blogsite.service.KafKaConsumerService.log to org.slf4j.Logger$MockitoMock$rKY5f242" type="java.lang.IllegalAccessException">java.lang.IllegalAccessException: Can not set static final org.slf4j.Logger field com.blogsite.service.KafKaConsumerService.log to org.slf4j.Logger$MockitoMock$rKY5f242
	at com.blogsite.service.KafKaConsumerServiceTest.setLoggerUsingReflection(KafKaConsumerServiceTest.java:35)
	at com.blogsite.service.KafKaConsumerServiceTest.setUp(KafKaConsumerServiceTest.java:29)
</error>
  </testcase>
  <testcase name="testConsumeUserRegister" classname="com.blogsite.service.KafKaConsumerServiceTest" time="0">
    <error message="Can not set static final org.slf4j.Logger field com.blogsite.service.KafKaConsumerService.log to org.slf4j.Logger$MockitoMock$rKY5f242" type="java.lang.IllegalAccessException">java.lang.IllegalAccessException: Can not set static final org.slf4j.Logger field com.blogsite.service.KafKaConsumerService.log to org.slf4j.Logger$MockitoMock$rKY5f242
	at com.blogsite.service.KafKaConsumerServiceTest.setLoggerUsingReflection(KafKaConsumerServiceTest.java:35)
	at com.blogsite.service.KafKaConsumerServiceTest.setUp(KafKaConsumerServiceTest.java:29)
</error>
  </testcase>
</testsuite>